2022-Mar-03 17:09:22 PM [main] INFO  FlipkartHealtCheck.core.WebDriverFactory - Chrome Browser invoked
2022-Mar-03 17:09:22 PM [main] INFO  FlipkartHealtCheck.core.WebDriverFactory - Driver maximized and implicit time out set to 20 seconds
2022-Mar-03 17:09:22 PM [main] INFO  FlipkartHealtCheck.stepdefs.stepdefs - Browser invoked.
2022-Mar-03 17:09:29 PM [main] INFO  FlipkartHealtCheck.core.WebDriverFactory - Browser navigated to the url: https://www.myntra.com/
2022-Mar-03 17:09:29 PM [main] INFO  FlipkartHealtCheck.pageobj.CmnPageObjects - Page title matched: Online Shopping for Women, Men, Kids Fashion & Lifestyle - Myntra
2022-Mar-03 17:09:30 PM [main] INFO  FlipkartHealtCheck.pageobj.CmnPageObjects - Value entered in search box: Hoodies
2022-Mar-03 17:09:37 PM [main] INFO  FlipkartHealtCheck.pageobj.CmnPageObjects - Clicked on Search Button
2022-Mar-03 17:09:37 PM [main] INFO  FlipkartHealtCheck.pageobj.SearchPageObjects - Search Page is displayed because refinement category is displayed
2022-Mar-03 17:09:38 PM [main] INFO  FlipkartHealtCheck.core.WebDriverFactory - Driver closed
2022-Mar-03 17:09:38 PM [main] INFO  FlipkartHealtCheck.stepdefs.stepdefs - browser closed
2022-Mar-03 17:09:40 PM [main] INFO  FlipkartHealtCheck.core.WebDriverFactory - Chrome Browser invoked
2022-Mar-03 17:09:40 PM [main] INFO  FlipkartHealtCheck.core.WebDriverFactory - Driver maximized and implicit time out set to 20 seconds
2022-Mar-03 17:09:40 PM [main] INFO  FlipkartHealtCheck.stepdefs.stepdefs - Browser invoked.
2022-Mar-03 17:09:48 PM [main] INFO  FlipkartHealtCheck.core.WebDriverFactory - Browser navigated to the url: https://www.myntra.com/
2022-Mar-03 17:09:48 PM [main] INFO  FlipkartHealtCheck.pageobj.CmnPageObjects - Page title matched: Online Shopping for Women, Men, Kids Fashion & Lifestyle - Myntra
2022-Mar-03 17:09:49 PM [main] INFO  FlipkartHealtCheck.pageobj.CmnPageObjects - Value entered in search box: Jeans
2022-Mar-03 17:09:55 PM [main] INFO  FlipkartHealtCheck.pageobj.CmnPageObjects - Clicked on Search Button
2022-Mar-03 17:09:55 PM [main] INFO  FlipkartHealtCheck.pageobj.SearchPageObjects - Search Page is displayed because refinement category is displayed
2022-Mar-03 17:09:56 PM [main] INFO  FlipkartHealtCheck.core.WebDriverFactory - Driver closed
2022-Mar-03 17:09:56 PM [main] INFO  FlipkartHealtCheck.stepdefs.stepdefs - browser closed
2022-Mar-03 17:09:58 PM [main] INFO  FlipkartHealtCheck.core.WebDriverFactory - Chrome Browser invoked
2022-Mar-03 17:09:58 PM [main] INFO  FlipkartHealtCheck.core.WebDriverFactory - Driver maximized and implicit time out set to 20 seconds
2022-Mar-03 17:09:58 PM [main] INFO  FlipkartHealtCheck.stepdefs.stepdefs - Browser invoked.
2022-Mar-03 17:10:09 PM [main] INFO  FlipkartHealtCheck.core.WebDriverFactory - Browser navigated to the url: https://www.myntra.com/
2022-Mar-03 17:10:09 PM [main] INFO  FlipkartHealtCheck.pageobj.CmnPageObjects - Page title matched: Online Shopping for Women, Men, Kids Fashion & Lifestyle - Myntra
2022-Mar-03 17:10:10 PM [main] INFO  FlipkartHealtCheck.pageobj.CmnPageObjects - Value entered in search box: Shirt
2022-Mar-03 17:10:13 PM [main] INFO  FlipkartHealtCheck.pageobj.CmnPageObjects - Clicked on Search Button
2022-Mar-03 17:10:13 PM [main] INFO  FlipkartHealtCheck.pageobj.SearchPageObjects - Search Page is displayed because refinement category is displayed
2022-Mar-03 17:10:14 PM [main] INFO  FlipkartHealtCheck.core.WebDriverFactory - Driver closed
2022-Mar-03 17:10:14 PM [main] INFO  FlipkartHealtCheck.stepdefs.stepdefs - browser closed
2022-Mar-03 17:10:15 PM [main] INFO  FlipkartHealtCheck.core.WebDriverFactory - Chrome Browser invoked
2022-Mar-03 17:10:16 PM [main] INFO  FlipkartHealtCheck.core.WebDriverFactory - Driver maximized and implicit time out set to 20 seconds
2022-Mar-03 17:10:16 PM [main] INFO  FlipkartHealtCheck.stepdefs.stepdefs - Browser invoked.
2022-Mar-03 17:10:23 PM [main] INFO  FlipkartHealtCheck.core.WebDriverFactory - Browser navigated to the url: https://www.myntra.com/
2022-Mar-03 17:10:23 PM [main] INFO  FlipkartHealtCheck.pageobj.CmnPageObjects - Page title matched: Online Shopping for Women, Men, Kids Fashion & Lifestyle - Myntra
2022-Mar-03 17:10:24 PM [main] INFO  FlipkartHealtCheck.pageobj.CmnPageObjects - Value entered in search box: Joggers
2022-Mar-03 17:10:31 PM [main] INFO  FlipkartHealtCheck.pageobj.CmnPageObjects - Clicked on Search Button
2022-Mar-03 17:10:31 PM [main] INFO  FlipkartHealtCheck.pageobj.SearchPageObjects - Search Page is displayed because refinement category is displayed
2022-Mar-03 17:10:32 PM [main] INFO  FlipkartHealtCheck.core.WebDriverFactory - Driver closed
2022-Mar-03 17:10:32 PM [main] INFO  FlipkartHealtCheck.stepdefs.stepdefs - browser closed
2022-Mar-03 17:10:33 PM [main] INFO  FlipkartHealtCheck.core.WebDriverFactory - Chrome Browser invoked
2022-Mar-03 17:10:34 PM [main] INFO  FlipkartHealtCheck.core.WebDriverFactory - Driver maximized and implicit time out set to 20 seconds
2022-Mar-03 17:10:34 PM [main] INFO  FlipkartHealtCheck.stepdefs.stepdefs - Browser invoked.
2022-Mar-03 17:10:43 PM [main] INFO  FlipkartHealtCheck.core.WebDriverFactory - Browser navigated to the url: https://www.myntra.com/
2022-Mar-03 17:10:43 PM [main] INFO  FlipkartHealtCheck.pageobj.CmnPageObjects - Page title matched: Online Shopping for Women, Men, Kids Fashion & Lifestyle - Myntra
2022-Mar-03 17:10:43 PM [main] INFO  FlipkartHealtCheck.pageobj.CmnPageObjects - Value entered in search box: Tshirt
2022-Mar-03 17:10:48 PM [main] INFO  FlipkartHealtCheck.pageobj.CmnPageObjects - Clicked on Search Button
2022-Mar-03 17:10:48 PM [main] INFO  FlipkartHealtCheck.pageobj.SearchPageObjects - Number of products searched: 50
2022-Mar-03 17:10:49 PM [main] INFO  FlipkartHealtCheck.pageobj.SearchPageObjects - Clicked on the Link in the List with index: 7. Link Text: Huetrap
Typography Print T-shirt
Rs. 450Rs. 1099(59% OFF)
2022-Mar-03 17:10:56 PM [main] INFO  FlipkartHealtCheck.pageobj.ProductDescriptionPageObjects - Product Title is displayed
2022-Mar-03 17:10:56 PM [main] INFO  FlipkartHealtCheck.pageobj.ProductDescriptionPageObjects - Add to Cart Button is displayed
2022-Mar-03 17:10:58 PM [main] INFO  FlipkartHealtCheck.core.WebDriverFactory - Driver closed
2022-Mar-03 17:10:58 PM [main] INFO  FlipkartHealtCheck.stepdefs.stepdefs - browser closed
2022-Mar-03 17:11:00 PM [main] INFO  FlipkartHealtCheck.core.WebDriverFactory - Chrome Browser invoked
2022-Mar-03 17:11:01 PM [main] INFO  FlipkartHealtCheck.core.WebDriverFactory - Driver maximized and implicit time out set to 20 seconds
2022-Mar-03 17:11:01 PM [main] INFO  FlipkartHealtCheck.stepdefs.stepdefs - Browser invoked.
2022-Mar-03 17:11:11 PM [main] INFO  FlipkartHealtCheck.core.WebDriverFactory - Browser navigated to the url: https://www.myntra.com/
2022-Mar-03 17:11:11 PM [main] INFO  FlipkartHealtCheck.pageobj.CmnPageObjects - Page title matched: Online Shopping for Women, Men, Kids Fashion & Lifestyle - Myntra
2022-Mar-03 17:11:16 PM [main] INFO  FlipkartHealtCheck.pageobj.BagWishListObject - user clicked on bag
2022-Mar-03 17:11:19 PM [main] INFO  FlipkartHealtCheck.pageobj.BagWishListObject - user clicked on wishlist
2022-Mar-03 17:11:20 PM [main] INFO  FlipkartHealtCheck.core.WebDriverFactory - Driver closed
2022-Mar-03 17:11:20 PM [main] INFO  FlipkartHealtCheck.stepdefs.stepdefs - browser closed
2022-Mar-03 17:11:21 PM [main] INFO  FlipkartHealtCheck.core.WebDriverFactory - Chrome Browser invoked
2022-Mar-03 17:11:22 PM [main] INFO  FlipkartHealtCheck.core.WebDriverFactory - Driver maximized and implicit time out set to 20 seconds
2022-Mar-03 17:11:22 PM [main] INFO  FlipkartHealtCheck.stepdefs.stepdefs - Browser invoked.
2022-Mar-03 17:11:31 PM [main] INFO  FlipkartHealtCheck.core.WebDriverFactory - Browser navigated to the url: https://www.myntra.com/
2022-Mar-03 17:11:31 PM [main] INFO  FlipkartHealtCheck.pageobj.CmnPageObjects - Page title matched: Online Shopping for Women, Men, Kids Fashion & Lifestyle - Myntra
2022-Mar-03 17:11:39 PM [main] INFO  FlipkartHealtCheck.pageobj.BrandSelctionPage - user clicked for desired Brand
2022-Mar-03 17:11:39 PM [main] INFO  FlipkartHealtCheck.pageobj.BrandSelctionPage - User filtered the gender
2022-Mar-03 17:11:39 PM [main] INFO  FlipkartHealtCheck.pageobj.BrandSelctionPage - Category selection done by user
2022-Mar-03 17:11:40 PM [main] INFO  FlipkartHealtCheck.core.WebDriverFactory - Driver closed
2022-Mar-03 17:11:40 PM [main] INFO  FlipkartHealtCheck.stepdefs.stepdefs - browser closed
