2022-Feb-01 10:16:08 AM [main] INFO  FlipkartHealtCheck.core.WebDriverFactory - Firefox Browser invoked
2022-Feb-01 10:16:08 AM [main] INFO  FlipkartHealtCheck.core.WebDriverFactory - Driver maximized and implicit time out set to 20 seconds
2022-Feb-01 10:16:08 AM [main] INFO  FlipkartHealtCheck.stepdefs.stepdefs - Browser invoked.
2022-Feb-01 10:16:13 AM [main] INFO  FlipkartHealtCheck.core.WebDriverFactory - Browser navigated to the url: https://www.myntra.com/
2022-Feb-01 10:16:14 AM [main] INFO  FlipkartHealtCheck.pageobj.CmnPageObjects - Page title matched: Online Shopping for Women, Men, Kids Fashion & Lifestyle - Myntra
2022-Feb-01 10:16:15 AM [main] INFO  FlipkartHealtCheck.pageobj.CmnPageObjects - Value entered in search box: Sweatshirts
2022-Feb-01 10:16:24 AM [main] INFO  FlipkartHealtCheck.pageobj.CmnPageObjects - Clicked on Search Button
2022-Feb-01 10:16:25 AM [main] INFO  FlipkartHealtCheck.pageobj.SearchPageObjects - Search Page is displayed because refinement category is displayed
2022-Feb-01 10:16:31 AM [main] INFO  FlipkartHealtCheck.core.WebDriverFactory - Driver closed
2022-Feb-01 10:16:31 AM [main] INFO  FlipkartHealtCheck.stepdefs.stepdefs - browser closed
2022-Feb-01 10:16:41 AM [main] INFO  FlipkartHealtCheck.core.WebDriverFactory - Firefox Browser invoked
2022-Feb-01 10:16:41 AM [main] INFO  FlipkartHealtCheck.core.WebDriverFactory - Driver maximized and implicit time out set to 20 seconds
2022-Feb-01 10:16:41 AM [main] INFO  FlipkartHealtCheck.stepdefs.stepdefs - Browser invoked.
2022-Feb-01 10:16:48 AM [main] INFO  FlipkartHealtCheck.core.WebDriverFactory - Browser navigated to the url: https://www.myntra.com/
2022-Feb-01 10:16:48 AM [main] INFO  FlipkartHealtCheck.pageobj.CmnPageObjects - Page title matched: Online Shopping for Women, Men, Kids Fashion & Lifestyle - Myntra
2022-Feb-01 10:16:50 AM [main] INFO  FlipkartHealtCheck.pageobj.CmnPageObjects - Value entered in search box: Tshirt
2022-Feb-01 10:17:03 AM [main] INFO  FlipkartHealtCheck.pageobj.CmnPageObjects - Clicked on Search Button
2022-Feb-01 10:17:03 AM [main] INFO  FlipkartHealtCheck.pageobj.SearchPageObjects - Number of products searched: 50
2022-Feb-01 10:17:04 AM [main] INFO  FlipkartHealtCheck.pageobj.SearchPageObjects - Clicked on the Link in the List with index: 7. Link Text: Nautica
Sizes: S, M, L, XL, XXL
Rs. 2144Rs. 3299(35% OFF)
2022-Feb-01 10:17:06 AM [main] INFO  FlipkartHealtCheck.pageobj.ProductDescriptionPageObjects - Product Title is displayed
2022-Feb-01 10:17:07 AM [main] INFO  FlipkartHealtCheck.pageobj.ProductDescriptionPageObjects - Add to Cart Button is displayed
2022-Feb-01 10:17:15 AM [main] INFO  FlipkartHealtCheck.core.WebDriverFactory - Driver closed
2022-Feb-01 10:17:15 AM [main] INFO  FlipkartHealtCheck.stepdefs.stepdefs - browser closed
