2022-Mar-08 08:14:33 AM [main] INFO  FlipkartHealtCheck.core.WebDriverFactory - Chrome Browser invoked
2022-Mar-08 08:14:33 AM [main] INFO  FlipkartHealtCheck.core.WebDriverFactory - Driver maximized and implicit time out set to 20 seconds
2022-Mar-08 08:14:33 AM [main] INFO  FlipkartHealtCheck.stepdefs.stepdefs - Browser invoked.
2022-Mar-08 08:14:47 AM [main] INFO  FlipkartHealtCheck.core.WebDriverFactory - Browser navigated to the url: https://www.myntra.com/
2022-Mar-08 08:14:47 AM [main] INFO  FlipkartHealtCheck.pageobj.CmnPageObjects - Page title matched: Online Shopping for Women, Men, Kids Fashion & Lifestyle - Myntra
2022-Mar-08 08:14:49 AM [main] INFO  FlipkartHealtCheck.pageobj.CmnPageObjects - Value entered in search box: Hoodies
2022-Mar-08 08:14:57 AM [main] INFO  FlipkartHealtCheck.pageobj.CmnPageObjects - Clicked on Search Button
2022-Mar-08 08:14:57 AM [main] INFO  FlipkartHealtCheck.pageobj.SearchPageObjects - Search Page is displayed because refinement category is displayed
2022-Mar-08 08:14:59 AM [main] INFO  FlipkartHealtCheck.core.WebDriverFactory - Driver closed
2022-Mar-08 08:14:59 AM [main] INFO  FlipkartHealtCheck.stepdefs.stepdefs - browser closed
2022-Mar-08 08:15:01 AM [main] INFO  FlipkartHealtCheck.core.WebDriverFactory - Chrome Browser invoked
2022-Mar-08 08:15:01 AM [main] INFO  FlipkartHealtCheck.core.WebDriverFactory - Driver maximized and implicit time out set to 20 seconds
2022-Mar-08 08:15:01 AM [main] INFO  FlipkartHealtCheck.stepdefs.stepdefs - Browser invoked.
2022-Mar-08 08:15:12 AM [main] INFO  FlipkartHealtCheck.core.WebDriverFactory - Browser navigated to the url: https://www.myntra.com/
2022-Mar-08 08:15:12 AM [main] INFO  FlipkartHealtCheck.pageobj.CmnPageObjects - Page title matched: Online Shopping for Women, Men, Kids Fashion & Lifestyle - Myntra
2022-Mar-08 08:15:13 AM [main] INFO  FlipkartHealtCheck.pageobj.CmnPageObjects - Value entered in search box: Jeans
2022-Mar-08 08:15:19 AM [main] INFO  FlipkartHealtCheck.pageobj.CmnPageObjects - Clicked on Search Button
2022-Mar-08 08:15:19 AM [main] INFO  FlipkartHealtCheck.pageobj.SearchPageObjects - Search Page is displayed because refinement category is displayed
2022-Mar-08 08:15:19 AM [main] INFO  FlipkartHealtCheck.core.WebDriverFactory - Driver closed
2022-Mar-08 08:15:19 AM [main] INFO  FlipkartHealtCheck.stepdefs.stepdefs - browser closed
2022-Mar-08 08:15:22 AM [main] INFO  FlipkartHealtCheck.core.WebDriverFactory - Chrome Browser invoked
2022-Mar-08 08:15:22 AM [main] INFO  FlipkartHealtCheck.core.WebDriverFactory - Driver maximized and implicit time out set to 20 seconds
2022-Mar-08 08:15:22 AM [main] INFO  FlipkartHealtCheck.stepdefs.stepdefs - Browser invoked.
2022-Mar-08 08:15:34 AM [main] INFO  FlipkartHealtCheck.core.WebDriverFactory - Browser navigated to the url: https://www.myntra.com/
2022-Mar-08 08:15:34 AM [main] INFO  FlipkartHealtCheck.pageobj.CmnPageObjects - Page title matched: Online Shopping for Women, Men, Kids Fashion & Lifestyle - Myntra
2022-Mar-08 08:15:35 AM [main] INFO  FlipkartHealtCheck.pageobj.CmnPageObjects - Value entered in search box: Shirt
2022-Mar-08 08:15:41 AM [main] INFO  FlipkartHealtCheck.pageobj.CmnPageObjects - Clicked on Search Button
2022-Mar-08 08:15:41 AM [main] INFO  FlipkartHealtCheck.pageobj.SearchPageObjects - Search Page is displayed because refinement category is displayed
2022-Mar-08 08:15:42 AM [main] INFO  FlipkartHealtCheck.core.WebDriverFactory - Driver closed
2022-Mar-08 08:15:42 AM [main] INFO  FlipkartHealtCheck.stepdefs.stepdefs - browser closed
2022-Mar-08 08:15:44 AM [main] INFO  FlipkartHealtCheck.core.WebDriverFactory - Chrome Browser invoked
2022-Mar-08 08:15:44 AM [main] INFO  FlipkartHealtCheck.core.WebDriverFactory - Driver maximized and implicit time out set to 20 seconds
2022-Mar-08 08:15:44 AM [main] INFO  FlipkartHealtCheck.stepdefs.stepdefs - Browser invoked.
2022-Mar-08 08:15:54 AM [main] INFO  FlipkartHealtCheck.core.WebDriverFactory - Browser navigated to the url: https://www.myntra.com/
2022-Mar-08 08:15:54 AM [main] INFO  FlipkartHealtCheck.pageobj.CmnPageObjects - Page title matched: Online Shopping for Women, Men, Kids Fashion & Lifestyle - Myntra
2022-Mar-08 08:15:55 AM [main] INFO  FlipkartHealtCheck.pageobj.CmnPageObjects - Value entered in search box: Joggers
2022-Mar-08 08:16:02 AM [main] INFO  FlipkartHealtCheck.pageobj.CmnPageObjects - Clicked on Search Button
2022-Mar-08 08:16:02 AM [main] INFO  FlipkartHealtCheck.pageobj.SearchPageObjects - Search Page is displayed because refinement category is displayed
2022-Mar-08 08:16:03 AM [main] INFO  FlipkartHealtCheck.core.WebDriverFactory - Driver closed
2022-Mar-08 08:16:03 AM [main] INFO  FlipkartHealtCheck.stepdefs.stepdefs - browser closed
2022-Mar-08 08:16:05 AM [main] INFO  FlipkartHealtCheck.core.WebDriverFactory - Chrome Browser invoked
2022-Mar-08 08:16:05 AM [main] INFO  FlipkartHealtCheck.core.WebDriverFactory - Driver maximized and implicit time out set to 20 seconds
2022-Mar-08 08:16:05 AM [main] INFO  FlipkartHealtCheck.stepdefs.stepdefs - Browser invoked.
2022-Mar-08 08:16:19 AM [main] INFO  FlipkartHealtCheck.core.WebDriverFactory - Browser navigated to the url: https://www.myntra.com/
2022-Mar-08 08:16:19 AM [main] INFO  FlipkartHealtCheck.pageobj.CmnPageObjects - Page title matched: Online Shopping for Women, Men, Kids Fashion & Lifestyle - Myntra
2022-Mar-08 08:16:20 AM [main] INFO  FlipkartHealtCheck.pageobj.CmnPageObjects - Value entered in search box: Tshirt
2022-Mar-08 08:16:27 AM [main] INFO  FlipkartHealtCheck.pageobj.CmnPageObjects - Clicked on Search Button
2022-Mar-08 08:16:27 AM [main] INFO  FlipkartHealtCheck.pageobj.SearchPageObjects - Number of products searched: 50
2022-Mar-08 08:16:28 AM [main] INFO  FlipkartHealtCheck.pageobj.SearchPageObjects - Clicked on the Link in the List with index: 7. Link Text: HRX by Hrithik Roshan
Rapid Dry Training Tshirt
Rs. 439Rs. 1099(60% OFF)
2022-Mar-08 08:16:33 AM [main] INFO  FlipkartHealtCheck.pageobj.ProductDescriptionPageObjects - Product Title is displayed
2022-Mar-08 08:16:33 AM [main] INFO  FlipkartHealtCheck.pageobj.ProductDescriptionPageObjects - Add to Cart Button is displayed
2022-Mar-08 08:16:34 AM [main] INFO  FlipkartHealtCheck.core.WebDriverFactory - Driver closed
2022-Mar-08 08:16:34 AM [main] INFO  FlipkartHealtCheck.stepdefs.stepdefs - browser closed
2022-Mar-08 08:16:37 AM [main] INFO  FlipkartHealtCheck.core.WebDriverFactory - Chrome Browser invoked
2022-Mar-08 08:16:37 AM [main] INFO  FlipkartHealtCheck.core.WebDriverFactory - Driver maximized and implicit time out set to 20 seconds
2022-Mar-08 08:16:37 AM [main] INFO  FlipkartHealtCheck.stepdefs.stepdefs - Browser invoked.
2022-Mar-08 08:16:48 AM [main] INFO  FlipkartHealtCheck.core.WebDriverFactory - Browser navigated to the url: https://www.myntra.com/
2022-Mar-08 08:16:48 AM [main] INFO  FlipkartHealtCheck.pageobj.CmnPageObjects - Page title matched: Online Shopping for Women, Men, Kids Fashion & Lifestyle - Myntra
2022-Mar-08 08:16:53 AM [main] INFO  FlipkartHealtCheck.pageobj.BagWishListObject - user clicked on bag
2022-Mar-08 08:16:57 AM [main] INFO  FlipkartHealtCheck.pageobj.BagWishListObject - user clicked on wishlist
2022-Mar-08 08:16:58 AM [main] INFO  FlipkartHealtCheck.core.WebDriverFactory - Driver closed
2022-Mar-08 08:16:58 AM [main] INFO  FlipkartHealtCheck.stepdefs.stepdefs - browser closed
2022-Mar-08 08:17:00 AM [main] INFO  FlipkartHealtCheck.core.WebDriverFactory - Chrome Browser invoked
2022-Mar-08 08:17:00 AM [main] INFO  FlipkartHealtCheck.core.WebDriverFactory - Driver maximized and implicit time out set to 20 seconds
2022-Mar-08 08:17:00 AM [main] INFO  FlipkartHealtCheck.stepdefs.stepdefs - Browser invoked.
2022-Mar-08 08:17:10 AM [main] INFO  FlipkartHealtCheck.core.WebDriverFactory - Browser navigated to the url: https://www.myntra.com/
2022-Mar-08 08:17:10 AM [main] INFO  FlipkartHealtCheck.pageobj.CmnPageObjects - Page title matched: Online Shopping for Women, Men, Kids Fashion & Lifestyle - Myntra
2022-Mar-08 08:17:19 AM [main] INFO  FlipkartHealtCheck.pageobj.BrandSelctionPage - user clicked for desired Brand
2022-Mar-08 08:17:19 AM [main] INFO  FlipkartHealtCheck.pageobj.BrandSelctionPage - User filtered the gender
2022-Mar-08 08:17:20 AM [main] INFO  FlipkartHealtCheck.pageobj.BrandSelctionPage - Category selection done by user
2022-Mar-08 08:17:20 AM [main] INFO  FlipkartHealtCheck.core.WebDriverFactory - Driver closed
2022-Mar-08 08:17:20 AM [main] INFO  FlipkartHealtCheck.stepdefs.stepdefs - browser closed
