2022-Mar-03 17:04:21 PM [main] INFO  FlipkartHealtCheck.core.WebDriverFactory - Chrome Browser invoked
2022-Mar-03 17:04:21 PM [main] INFO  FlipkartHealtCheck.core.WebDriverFactory - Driver maximized and implicit time out set to 20 seconds
2022-Mar-03 17:04:21 PM [main] INFO  FlipkartHealtCheck.stepdefs.stepdefs - Browser invoked.
2022-Mar-03 17:04:30 PM [main] INFO  FlipkartHealtCheck.core.WebDriverFactory - Browser navigated to the url: https://www.myntra.com/
2022-Mar-03 17:04:31 PM [main] INFO  FlipkartHealtCheck.pageobj.CmnPageObjects - Page title matched: Online Shopping for Women, Men, Kids Fashion & Lifestyle - Myntra
2022-Mar-03 17:04:35 PM [main] INFO  FlipkartHealtCheck.pageobj.CmnPageObjects - Value entered in search box: Jeans
2022-Mar-03 17:04:48 PM [main] INFO  FlipkartHealtCheck.pageobj.CmnPageObjects - Clicked on Search Button
2022-Mar-03 17:04:48 PM [main] INFO  FlipkartHealtCheck.pageobj.SearchPageObjects - Search Page is displayed because refinement category is displayed
2022-Mar-03 17:04:50 PM [main] INFO  FlipkartHealtCheck.core.WebDriverFactory - Driver closed
2022-Mar-03 17:04:50 PM [main] INFO  FlipkartHealtCheck.stepdefs.stepdefs - browser closed
2022-Mar-03 17:04:53 PM [main] INFO  FlipkartHealtCheck.core.WebDriverFactory - Chrome Browser invoked
2022-Mar-03 17:04:53 PM [main] INFO  FlipkartHealtCheck.core.WebDriverFactory - Driver maximized and implicit time out set to 20 seconds
2022-Mar-03 17:04:53 PM [main] INFO  FlipkartHealtCheck.stepdefs.stepdefs - Browser invoked.
2022-Mar-03 17:05:01 PM [main] INFO  FlipkartHealtCheck.core.WebDriverFactory - Browser navigated to the url: https://www.myntra.com/
2022-Mar-03 17:05:01 PM [main] INFO  FlipkartHealtCheck.pageobj.CmnPageObjects - Page title matched: Online Shopping for Women, Men, Kids Fashion & Lifestyle - Myntra
2022-Mar-03 17:05:02 PM [main] INFO  FlipkartHealtCheck.pageobj.CmnPageObjects - Value entered in search box: Shirt
2022-Mar-03 17:05:07 PM [main] INFO  FlipkartHealtCheck.pageobj.CmnPageObjects - Clicked on Search Button
2022-Mar-03 17:05:07 PM [main] INFO  FlipkartHealtCheck.pageobj.SearchPageObjects - Search Page is displayed because refinement category is displayed
2022-Mar-03 17:05:08 PM [main] INFO  FlipkartHealtCheck.core.WebDriverFactory - Driver closed
2022-Mar-03 17:05:08 PM [main] INFO  FlipkartHealtCheck.stepdefs.stepdefs - browser closed
2022-Mar-03 17:05:10 PM [main] INFO  FlipkartHealtCheck.core.WebDriverFactory - Chrome Browser invoked
2022-Mar-03 17:05:10 PM [main] INFO  FlipkartHealtCheck.core.WebDriverFactory - Driver maximized and implicit time out set to 20 seconds
2022-Mar-03 17:05:10 PM [main] INFO  FlipkartHealtCheck.stepdefs.stepdefs - Browser invoked.
2022-Mar-03 17:05:19 PM [main] INFO  FlipkartHealtCheck.core.WebDriverFactory - Browser navigated to the url: https://www.myntra.com/
2022-Mar-03 17:05:19 PM [main] INFO  FlipkartHealtCheck.pageobj.CmnPageObjects - Page title matched: Online Shopping for Women, Men, Kids Fashion & Lifestyle - Myntra
2022-Mar-03 17:05:20 PM [main] INFO  FlipkartHealtCheck.pageobj.CmnPageObjects - Value entered in search box: Joggers
2022-Mar-03 17:05:26 PM [main] INFO  FlipkartHealtCheck.pageobj.CmnPageObjects - Clicked on Search Button
2022-Mar-03 17:05:26 PM [main] INFO  FlipkartHealtCheck.pageobj.SearchPageObjects - Search Page is displayed because refinement category is displayed
2022-Mar-03 17:05:27 PM [main] INFO  FlipkartHealtCheck.core.WebDriverFactory - Driver closed
2022-Mar-03 17:05:27 PM [main] INFO  FlipkartHealtCheck.stepdefs.stepdefs - browser closed
2022-Mar-03 17:05:29 PM [main] INFO  FlipkartHealtCheck.core.WebDriverFactory - Chrome Browser invoked
2022-Mar-03 17:05:29 PM [main] INFO  FlipkartHealtCheck.core.WebDriverFactory - Driver maximized and implicit time out set to 20 seconds
2022-Mar-03 17:05:29 PM [main] INFO  FlipkartHealtCheck.stepdefs.stepdefs - Browser invoked.
2022-Mar-03 17:05:37 PM [main] INFO  FlipkartHealtCheck.core.WebDriverFactory - Browser navigated to the url: https://www.myntra.com/
2022-Mar-03 17:05:37 PM [main] INFO  FlipkartHealtCheck.pageobj.CmnPageObjects - Page title matched: Online Shopping for Women, Men, Kids Fashion & Lifestyle - Myntra
2022-Mar-03 17:05:37 PM [main] INFO  FlipkartHealtCheck.pageobj.CmnPageObjects - Value entered in search box: Tshirt
2022-Mar-03 17:05:43 PM [main] INFO  FlipkartHealtCheck.pageobj.CmnPageObjects - Clicked on Search Button
2022-Mar-03 17:05:43 PM [main] INFO  FlipkartHealtCheck.pageobj.SearchPageObjects - Number of products searched: 50
2022-Mar-03 17:05:44 PM [main] INFO  FlipkartHealtCheck.pageobj.SearchPageObjects - Clicked on the Link in the List with index: 7. Link Text: Huetrap
Typography Print T-shirt
Rs. 450Rs. 1099(59% OFF)
2022-Mar-03 17:05:48 PM [main] INFO  FlipkartHealtCheck.pageobj.ProductDescriptionPageObjects - Product Title is displayed
2022-Mar-03 17:05:48 PM [main] INFO  FlipkartHealtCheck.pageobj.ProductDescriptionPageObjects - Add to Cart Button is displayed
2022-Mar-03 17:05:49 PM [main] INFO  FlipkartHealtCheck.core.WebDriverFactory - Driver closed
2022-Mar-03 17:05:49 PM [main] INFO  FlipkartHealtCheck.stepdefs.stepdefs - browser closed
2022-Mar-03 17:05:51 PM [main] INFO  FlipkartHealtCheck.core.WebDriverFactory - Chrome Browser invoked
2022-Mar-03 17:05:51 PM [main] INFO  FlipkartHealtCheck.core.WebDriverFactory - Driver maximized and implicit time out set to 20 seconds
2022-Mar-03 17:05:51 PM [main] INFO  FlipkartHealtCheck.stepdefs.stepdefs - Browser invoked.
2022-Mar-03 17:05:58 PM [main] INFO  FlipkartHealtCheck.core.WebDriverFactory - Browser navigated to the url: https://www.myntra.com/
2022-Mar-03 17:05:58 PM [main] INFO  FlipkartHealtCheck.pageobj.CmnPageObjects - Page title matched: Online Shopping for Women, Men, Kids Fashion & Lifestyle - Myntra
2022-Mar-03 17:06:03 PM [main] INFO  FlipkartHealtCheck.pageobj.BagWishListObject - user clicked on bag
2022-Mar-03 17:06:08 PM [main] INFO  FlipkartHealtCheck.pageobj.BagWishListObject - user clicked on wishlist
2022-Mar-03 17:06:10 PM [main] INFO  FlipkartHealtCheck.core.WebDriverFactory - Driver closed
2022-Mar-03 17:06:10 PM [main] INFO  FlipkartHealtCheck.stepdefs.stepdefs - browser closed
2022-Mar-03 17:06:11 PM [main] INFO  FlipkartHealtCheck.core.WebDriverFactory - Chrome Browser invoked
2022-Mar-03 17:06:11 PM [main] INFO  FlipkartHealtCheck.core.WebDriverFactory - Driver maximized and implicit time out set to 20 seconds
2022-Mar-03 17:06:11 PM [main] INFO  FlipkartHealtCheck.stepdefs.stepdefs - Browser invoked.
2022-Mar-03 17:06:19 PM [main] INFO  FlipkartHealtCheck.core.WebDriverFactory - Browser navigated to the url: https://www.myntra.com/
2022-Mar-03 17:06:19 PM [main] INFO  FlipkartHealtCheck.pageobj.CmnPageObjects - Page title matched: Online Shopping for Women, Men, Kids Fashion & Lifestyle - Myntra
2022-Mar-03 17:06:27 PM [main] INFO  FlipkartHealtCheck.pageobj.BrandSelctionPage - user clicked for desired Brand
2022-Mar-03 17:06:27 PM [main] INFO  FlipkartHealtCheck.pageobj.BrandSelctionPage - User filtered the gender
2022-Mar-03 17:06:27 PM [main] INFO  FlipkartHealtCheck.pageobj.BrandSelctionPage - Category selection done by user
2022-Mar-03 17:06:28 PM [main] INFO  FlipkartHealtCheck.core.WebDriverFactory - Driver closed
2022-Mar-03 17:06:28 PM [main] INFO  FlipkartHealtCheck.stepdefs.stepdefs - browser closed
