2022-Feb-01 09:57:47 AM [main] INFO  FlipkartHealtCheck.core.WebDriverFactory - Chrome Browser invoked
2022-Feb-01 09:57:47 AM [main] INFO  FlipkartHealtCheck.core.WebDriverFactory - Driver maximized and implicit time out set to 20 seconds
2022-Feb-01 09:57:48 AM [main] INFO  FlipkartHealtCheck.stepdefs.stepdefs - Browser invoked.
2022-Feb-01 09:57:55 AM [main] INFO  FlipkartHealtCheck.core.WebDriverFactory - Browser navigated to the url: https://www.myntra.com/
2022-Feb-01 09:57:55 AM [main] INFO  FlipkartHealtCheck.pageobj.CmnPageObjects - Page title matched: Online Shopping for Women, Men, Kids Fashion & Lifestyle - Myntra
2022-Feb-01 09:57:55 AM [main] INFO  FlipkartHealtCheck.pageobj.CmnPageObjects - Value entered in search box: Sweatshirts
2022-Feb-01 09:57:58 AM [main] INFO  FlipkartHealtCheck.pageobj.CmnPageObjects - Clicked on Search Button
2022-Feb-01 09:57:58 AM [main] INFO  FlipkartHealtCheck.pageobj.SearchPageObjects - Search Page is displayed because refinement category is displayed
2022-Feb-01 09:57:59 AM [main] INFO  FlipkartHealtCheck.core.WebDriverFactory - Driver closed
2022-Feb-01 09:57:59 AM [main] INFO  FlipkartHealtCheck.stepdefs.stepdefs - browser closed
2022-Feb-01 09:58:01 AM [main] INFO  FlipkartHealtCheck.core.WebDriverFactory - Chrome Browser invoked
2022-Feb-01 09:58:01 AM [main] INFO  FlipkartHealtCheck.core.WebDriverFactory - Driver maximized and implicit time out set to 20 seconds
2022-Feb-01 09:58:01 AM [main] INFO  FlipkartHealtCheck.stepdefs.stepdefs - Browser invoked.
2022-Feb-01 09:58:09 AM [main] INFO  FlipkartHealtCheck.core.WebDriverFactory - Browser navigated to the url: https://www.myntra.com/
2022-Feb-01 09:58:09 AM [main] INFO  FlipkartHealtCheck.pageobj.CmnPageObjects - Page title matched: Online Shopping for Women, Men, Kids Fashion & Lifestyle - Myntra
2022-Feb-01 09:58:10 AM [main] INFO  FlipkartHealtCheck.pageobj.CmnPageObjects - Value entered in search box: Tshirt
2022-Feb-01 09:58:13 AM [main] INFO  FlipkartHealtCheck.pageobj.CmnPageObjects - Clicked on Search Button
2022-Feb-01 09:58:13 AM [main] INFO  FlipkartHealtCheck.pageobj.SearchPageObjects - Number of products searched: 50
2022-Feb-01 09:58:14 AM [main] INFO  FlipkartHealtCheck.pageobj.SearchPageObjects - Clicked on the Link in the List with index: 7. Link Text: NEW
Calvin Klein Jeans
Men Brand Logo Printed Slim Fit T-shirt
Rs. 2599
2022-Feb-01 09:58:19 AM [main] INFO  FlipkartHealtCheck.pageobj.ProductDescriptionPageObjects - Product Title is displayed
2022-Feb-01 09:58:19 AM [main] INFO  FlipkartHealtCheck.pageobj.ProductDescriptionPageObjects - Add to Cart Button is displayed
2022-Feb-01 09:58:20 AM [main] INFO  FlipkartHealtCheck.core.WebDriverFactory - Driver closed
2022-Feb-01 09:58:20 AM [main] INFO  FlipkartHealtCheck.stepdefs.stepdefs - browser closed
