2022-May-01 12:33:58 PM [main] INFO  FlipkartHealtCheck.core.WebDriverFactory - Chrome Browser invoked
2022-May-01 12:33:59 PM [main] INFO  FlipkartHealtCheck.core.WebDriverFactory - Driver maximized and implicit time out set to 20 seconds
2022-May-01 12:33:59 PM [main] INFO  FlipkartHealtCheck.stepdefs.stepdefs - Browser invoked.
2022-May-01 12:34:09 PM [main] INFO  FlipkartHealtCheck.core.WebDriverFactory - Browser navigated to the url: https://www.myntra.com/
2022-May-01 12:34:10 PM [main] INFO  FlipkartHealtCheck.pageobj.CmnPageObjects - Page title matched: Online Shopping for Women, Men, Kids Fashion & Lifestyle - Myntra
2022-May-01 12:34:14 PM [main] INFO  FlipkartHealtCheck.pageobj.CmnPageObjects - Value entered in search box: Hoodies
2022-May-01 12:34:26 PM [main] INFO  FlipkartHealtCheck.pageobj.CmnPageObjects - Clicked on Search Button
2022-May-01 12:34:26 PM [main] INFO  FlipkartHealtCheck.pageobj.SearchPageObjects - Search Page is displayed because refinement category is displayed
2022-May-01 12:34:29 PM [main] INFO  FlipkartHealtCheck.core.WebDriverFactory - Driver closed
2022-May-01 12:34:29 PM [main] INFO  FlipkartHealtCheck.stepdefs.stepdefs - browser closed
2022-May-01 12:34:31 PM [main] INFO  FlipkartHealtCheck.core.WebDriverFactory - Chrome Browser invoked
2022-May-01 12:34:31 PM [main] INFO  FlipkartHealtCheck.core.WebDriverFactory - Driver maximized and implicit time out set to 20 seconds
2022-May-01 12:34:31 PM [main] INFO  FlipkartHealtCheck.stepdefs.stepdefs - Browser invoked.
2022-May-01 12:34:39 PM [main] INFO  FlipkartHealtCheck.core.WebDriverFactory - Browser navigated to the url: https://www.myntra.com/
2022-May-01 12:34:39 PM [main] INFO  FlipkartHealtCheck.pageobj.CmnPageObjects - Page title matched: Online Shopping for Women, Men, Kids Fashion & Lifestyle - Myntra
2022-May-01 12:34:39 PM [main] INFO  FlipkartHealtCheck.pageobj.CmnPageObjects - Value entered in search box: Jeans
2022-May-01 12:34:53 PM [main] INFO  FlipkartHealtCheck.pageobj.CmnPageObjects - Clicked on Search Button
2022-May-01 12:34:53 PM [main] INFO  FlipkartHealtCheck.pageobj.SearchPageObjects - Search Page is displayed because refinement category is displayed
2022-May-01 12:34:54 PM [main] INFO  FlipkartHealtCheck.core.WebDriverFactory - Driver closed
2022-May-01 12:34:54 PM [main] INFO  FlipkartHealtCheck.stepdefs.stepdefs - browser closed
2022-May-01 12:34:57 PM [main] INFO  FlipkartHealtCheck.core.WebDriverFactory - Chrome Browser invoked
2022-May-01 12:34:57 PM [main] INFO  FlipkartHealtCheck.core.WebDriverFactory - Driver maximized and implicit time out set to 20 seconds
2022-May-01 12:34:57 PM [main] INFO  FlipkartHealtCheck.stepdefs.stepdefs - Browser invoked.
2022-May-01 12:35:14 PM [main] INFO  FlipkartHealtCheck.core.WebDriverFactory - Browser navigated to the url: https://www.myntra.com/
2022-May-01 12:35:14 PM [main] INFO  FlipkartHealtCheck.pageobj.CmnPageObjects - Page title matched: Online Shopping for Women, Men, Kids Fashion & Lifestyle - Myntra
2022-May-01 12:35:15 PM [main] INFO  FlipkartHealtCheck.pageobj.CmnPageObjects - Value entered in search box: Shirt
2022-May-01 12:35:22 PM [main] INFO  FlipkartHealtCheck.pageobj.CmnPageObjects - Clicked on Search Button
2022-May-01 12:35:22 PM [main] INFO  FlipkartHealtCheck.pageobj.SearchPageObjects - Search Page is displayed because refinement category is displayed
2022-May-01 12:35:24 PM [main] INFO  FlipkartHealtCheck.core.WebDriverFactory - Driver closed
2022-May-01 12:35:24 PM [main] INFO  FlipkartHealtCheck.stepdefs.stepdefs - browser closed
2022-May-01 12:35:26 PM [main] INFO  FlipkartHealtCheck.core.WebDriverFactory - Chrome Browser invoked
2022-May-01 12:35:27 PM [main] INFO  FlipkartHealtCheck.core.WebDriverFactory - Driver maximized and implicit time out set to 20 seconds
2022-May-01 12:35:27 PM [main] INFO  FlipkartHealtCheck.stepdefs.stepdefs - Browser invoked.
2022-May-01 12:35:37 PM [main] INFO  FlipkartHealtCheck.core.WebDriverFactory - Browser navigated to the url: https://www.myntra.com/
2022-May-01 12:35:37 PM [main] INFO  FlipkartHealtCheck.pageobj.CmnPageObjects - Page title matched: Online Shopping for Women, Men, Kids Fashion & Lifestyle - Myntra
2022-May-01 12:35:37 PM [main] INFO  FlipkartHealtCheck.pageobj.CmnPageObjects - Value entered in search box: Joggers
2022-May-01 12:35:53 PM [main] INFO  FlipkartHealtCheck.pageobj.CmnPageObjects - Clicked on Search Button
2022-May-01 12:35:53 PM [main] INFO  FlipkartHealtCheck.pageobj.SearchPageObjects - Search Page is displayed because refinement category is displayed
2022-May-01 12:35:55 PM [main] INFO  FlipkartHealtCheck.core.WebDriverFactory - Driver closed
2022-May-01 12:35:55 PM [main] INFO  FlipkartHealtCheck.stepdefs.stepdefs - browser closed
2022-May-01 12:35:56 PM [main] INFO  FlipkartHealtCheck.core.WebDriverFactory - Chrome Browser invoked
2022-May-01 12:35:57 PM [main] INFO  FlipkartHealtCheck.core.WebDriverFactory - Driver maximized and implicit time out set to 20 seconds
2022-May-01 12:35:57 PM [main] INFO  FlipkartHealtCheck.stepdefs.stepdefs - Browser invoked.
2022-May-01 12:36:09 PM [main] INFO  FlipkartHealtCheck.core.WebDriverFactory - Browser navigated to the url: https://www.myntra.com/
2022-May-01 12:36:09 PM [main] INFO  FlipkartHealtCheck.pageobj.CmnPageObjects - Page title matched: Online Shopping for Women, Men, Kids Fashion & Lifestyle - Myntra
2022-May-01 12:36:09 PM [main] INFO  FlipkartHealtCheck.pageobj.CmnPageObjects - Value entered in search box: Tshirt
2022-May-01 12:36:14 PM [main] INFO  FlipkartHealtCheck.pageobj.CmnPageObjects - Clicked on Search Button
2022-May-01 12:36:16 PM [main] INFO  FlipkartHealtCheck.pageobj.SearchPageObjects - Number of products searched: 50
2022-May-01 12:36:16 PM [main] INFO  FlipkartHealtCheck.pageobj.SearchPageObjects - Clicked on the Link in the List with index: 7. Link Text: H&M
Cotton Pure Cotton T-shirt
Rs. 339Rs. 399(15% OFF)
2022-May-01 12:36:33 PM [main] INFO  FlipkartHealtCheck.pageobj.ProductDescriptionPageObjects - Product Title is displayed
2022-May-01 12:36:33 PM [main] INFO  FlipkartHealtCheck.pageobj.ProductDescriptionPageObjects - Add to Cart Button is displayed
2022-May-01 12:36:35 PM [main] INFO  FlipkartHealtCheck.core.WebDriverFactory - Driver closed
2022-May-01 12:36:35 PM [main] INFO  FlipkartHealtCheck.stepdefs.stepdefs - browser closed
2022-May-01 12:36:37 PM [main] INFO  FlipkartHealtCheck.core.WebDriverFactory - Chrome Browser invoked
2022-May-01 12:36:38 PM [main] INFO  FlipkartHealtCheck.core.WebDriverFactory - Driver maximized and implicit time out set to 20 seconds
2022-May-01 12:36:38 PM [main] INFO  FlipkartHealtCheck.stepdefs.stepdefs - Browser invoked.
2022-May-01 12:36:45 PM [main] INFO  FlipkartHealtCheck.core.WebDriverFactory - Browser navigated to the url: https://www.myntra.com/
2022-May-01 12:36:45 PM [main] INFO  FlipkartHealtCheck.pageobj.CmnPageObjects - Page title matched: Online Shopping for Women, Men, Kids Fashion & Lifestyle - Myntra
2022-May-01 12:36:46 PM [main] INFO  FlipkartHealtCheck.pageobj.BagWishListObject - user clicked on bag
2022-May-01 12:36:48 PM [main] INFO  FlipkartHealtCheck.pageobj.BagWishListObject - user clicked on wishlist
2022-May-01 12:36:49 PM [main] INFO  FlipkartHealtCheck.core.WebDriverFactory - Driver closed
2022-May-01 12:36:49 PM [main] INFO  FlipkartHealtCheck.stepdefs.stepdefs - browser closed
2022-May-01 12:36:50 PM [main] INFO  FlipkartHealtCheck.core.WebDriverFactory - Chrome Browser invoked
2022-May-01 12:36:51 PM [main] INFO  FlipkartHealtCheck.core.WebDriverFactory - Driver maximized and implicit time out set to 20 seconds
2022-May-01 12:36:51 PM [main] INFO  FlipkartHealtCheck.stepdefs.stepdefs - Browser invoked.
2022-May-01 12:36:59 PM [main] INFO  FlipkartHealtCheck.core.WebDriverFactory - Browser navigated to the url: https://www.myntra.com/
2022-May-01 12:36:59 PM [main] INFO  FlipkartHealtCheck.pageobj.CmnPageObjects - Page title matched: Online Shopping for Women, Men, Kids Fashion & Lifestyle - Myntra
2022-May-01 12:37:08 PM [main] INFO  FlipkartHealtCheck.pageobj.BrandSelctionPage - user clicked for desired Brand
2022-May-01 12:37:08 PM [main] INFO  FlipkartHealtCheck.pageobj.BrandSelctionPage - User filtered the gender
2022-May-01 12:37:08 PM [main] INFO  FlipkartHealtCheck.pageobj.BrandSelctionPage - Category selection done by user
2022-May-01 12:37:10 PM [main] INFO  FlipkartHealtCheck.core.WebDriverFactory - Driver closed
2022-May-01 12:37:10 PM [main] INFO  FlipkartHealtCheck.stepdefs.stepdefs - browser closed
