2022-Feb-01 09:26:39 AM [main] INFO  FlipkartHealtCheck.core.WebDriverFactory - Chrome Browser invoked
2022-Feb-01 09:26:39 AM [main] INFO  FlipkartHealtCheck.core.WebDriverFactory - Driver maximized and implicit time out set to 20 seconds
2022-Feb-01 09:26:39 AM [main] INFO  FlipkartHealtCheck.stepdefs.stepdefs - Browser invoked.
2022-Feb-01 09:26:49 AM [main] INFO  FlipkartHealtCheck.core.WebDriverFactory - Browser navigated to the url: https://www.myntra.com/
2022-Feb-01 09:26:49 AM [main] INFO  FlipkartHealtCheck.pageobj.CmnPageObjects - Page title matched: Online Shopping for Women, Men, Kids Fashion & Lifestyle - Myntra
2022-Feb-01 09:26:50 AM [main] INFO  FlipkartHealtCheck.pageobj.CmnPageObjects - Value entered in search box: Sweatshirts
2022-Feb-01 09:26:56 AM [main] INFO  FlipkartHealtCheck.pageobj.CmnPageObjects - Clicked on Search Button
2022-Feb-01 09:26:56 AM [main] INFO  FlipkartHealtCheck.pageobj.SearchPageObjects - Search Page is displayed because refinement category is displayed
2022-Feb-01 09:26:57 AM [main] INFO  FlipkartHealtCheck.core.WebDriverFactory - Driver closed
2022-Feb-01 09:26:57 AM [main] INFO  FlipkartHealtCheck.stepdefs.stepdefs - browser closed
2022-Feb-01 09:27:00 AM [main] INFO  FlipkartHealtCheck.core.WebDriverFactory - Chrome Browser invoked
2022-Feb-01 09:27:00 AM [main] INFO  FlipkartHealtCheck.core.WebDriverFactory - Driver maximized and implicit time out set to 20 seconds
2022-Feb-01 09:27:00 AM [main] INFO  FlipkartHealtCheck.stepdefs.stepdefs - Browser invoked.
2022-Feb-01 09:27:10 AM [main] INFO  FlipkartHealtCheck.core.WebDriverFactory - Browser navigated to the url: https://www.myntra.com/
2022-Feb-01 09:27:10 AM [main] INFO  FlipkartHealtCheck.pageobj.CmnPageObjects - Page title matched: Online Shopping for Women, Men, Kids Fashion & Lifestyle - Myntra
2022-Feb-01 09:27:11 AM [main] INFO  FlipkartHealtCheck.pageobj.CmnPageObjects - Value entered in search box: Tshirt
2022-Feb-01 09:27:14 AM [main] INFO  FlipkartHealtCheck.pageobj.CmnPageObjects - Clicked on Search Button
2022-Feb-01 09:27:15 AM [main] INFO  FlipkartHealtCheck.pageobj.SearchPageObjects - Number of products searched: 50
2022-Feb-01 09:27:16 AM [main] INFO  FlipkartHealtCheck.pageobj.SearchPageObjects - Clicked on the Link in the List with index: 7. Link Text: HRX by Hrithik Roshan
Yoga Bio-Wash Tshirt
Rs. 454Rs. 699(35% OFF)
2022-Feb-01 09:27:21 AM [main] INFO  FlipkartHealtCheck.pageobj.ProductDescriptionPageObjects - Product Title is displayed
2022-Feb-01 09:27:21 AM [main] INFO  FlipkartHealtCheck.pageobj.ProductDescriptionPageObjects - Add to Cart Button is displayed
2022-Feb-01 09:27:23 AM [main] INFO  FlipkartHealtCheck.core.WebDriverFactory - Driver closed
2022-Feb-01 09:27:23 AM [main] INFO  FlipkartHealtCheck.stepdefs.stepdefs - browser closed
