2022-Mar-08 08:21:30 AM [main] INFO  FlipkartHealtCheck.core.WebDriverFactory - Chrome Browser invoked
2022-Mar-08 08:21:30 AM [main] INFO  FlipkartHealtCheck.core.WebDriverFactory - Driver maximized and implicit time out set to 20 seconds
2022-Mar-08 08:21:30 AM [main] INFO  FlipkartHealtCheck.stepdefs.stepdefs - Browser invoked.
2022-Mar-08 08:21:42 AM [main] INFO  FlipkartHealtCheck.core.WebDriverFactory - Browser navigated to the url: https://www.myntra.com/
2022-Mar-08 08:21:42 AM [main] INFO  FlipkartHealtCheck.pageobj.CmnPageObjects - Page title matched: Online Shopping for Women, Men, Kids Fashion & Lifestyle - Myntra
2022-Mar-08 08:21:42 AM [main] INFO  FlipkartHealtCheck.pageobj.CmnPageObjects - Value entered in search box: Hoodies
2022-Mar-08 08:22:03 AM [main] INFO  FlipkartHealtCheck.pageobj.CmnPageObjects - Clicked on Search Button
2022-Mar-08 08:22:03 AM [main] INFO  FlipkartHealtCheck.pageobj.SearchPageObjects - Search Page is displayed because refinement category is displayed
2022-Mar-08 08:22:04 AM [main] INFO  FlipkartHealtCheck.core.WebDriverFactory - Driver closed
2022-Mar-08 08:22:04 AM [main] INFO  FlipkartHealtCheck.stepdefs.stepdefs - browser closed
2022-Mar-08 08:22:06 AM [main] INFO  FlipkartHealtCheck.core.WebDriverFactory - Chrome Browser invoked
2022-Mar-08 08:22:06 AM [main] INFO  FlipkartHealtCheck.core.WebDriverFactory - Driver maximized and implicit time out set to 20 seconds
2022-Mar-08 08:22:06 AM [main] INFO  FlipkartHealtCheck.stepdefs.stepdefs - Browser invoked.
2022-Mar-08 08:22:18 AM [main] INFO  FlipkartHealtCheck.core.WebDriverFactory - Browser navigated to the url: https://www.myntra.com/
2022-Mar-08 08:22:18 AM [main] INFO  FlipkartHealtCheck.pageobj.CmnPageObjects - Page title matched: Online Shopping for Women, Men, Kids Fashion & Lifestyle - Myntra
2022-Mar-08 08:22:19 AM [main] INFO  FlipkartHealtCheck.pageobj.CmnPageObjects - Value entered in search box: Jeans
2022-Mar-08 08:22:28 AM [main] INFO  FlipkartHealtCheck.pageobj.CmnPageObjects - Clicked on Search Button
2022-Mar-08 08:22:28 AM [main] INFO  FlipkartHealtCheck.pageobj.SearchPageObjects - Search Page is displayed because refinement category is displayed
2022-Mar-08 08:22:29 AM [main] INFO  FlipkartHealtCheck.core.WebDriverFactory - Driver closed
2022-Mar-08 08:22:29 AM [main] INFO  FlipkartHealtCheck.stepdefs.stepdefs - browser closed
2022-Mar-08 08:22:31 AM [main] INFO  FlipkartHealtCheck.core.WebDriverFactory - Chrome Browser invoked
2022-Mar-08 08:22:31 AM [main] INFO  FlipkartHealtCheck.core.WebDriverFactory - Driver maximized and implicit time out set to 20 seconds
2022-Mar-08 08:22:31 AM [main] INFO  FlipkartHealtCheck.stepdefs.stepdefs - Browser invoked.
2022-Mar-08 08:22:43 AM [main] INFO  FlipkartHealtCheck.core.WebDriverFactory - Browser navigated to the url: https://www.myntra.com/
2022-Mar-08 08:22:43 AM [main] INFO  FlipkartHealtCheck.pageobj.CmnPageObjects - Page title matched: Online Shopping for Women, Men, Kids Fashion & Lifestyle - Myntra
2022-Mar-08 08:22:43 AM [main] INFO  FlipkartHealtCheck.pageobj.CmnPageObjects - Value entered in search box: Shirt
2022-Mar-08 08:23:10 AM [main] INFO  FlipkartHealtCheck.pageobj.CmnPageObjects - Clicked on Search Button
2022-Mar-08 08:23:10 AM [main] INFO  FlipkartHealtCheck.pageobj.SearchPageObjects - Search Page is displayed because refinement category is displayed
2022-Mar-08 08:23:11 AM [main] INFO  FlipkartHealtCheck.core.WebDriverFactory - Driver closed
2022-Mar-08 08:23:11 AM [main] INFO  FlipkartHealtCheck.stepdefs.stepdefs - browser closed
2022-Mar-08 08:23:12 AM [main] INFO  FlipkartHealtCheck.core.WebDriverFactory - Chrome Browser invoked
2022-Mar-08 08:23:13 AM [main] INFO  FlipkartHealtCheck.core.WebDriverFactory - Driver maximized and implicit time out set to 20 seconds
2022-Mar-08 08:23:13 AM [main] INFO  FlipkartHealtCheck.stepdefs.stepdefs - Browser invoked.
2022-Mar-08 08:23:50 AM [main] INFO  FlipkartHealtCheck.core.WebDriverFactory - Browser navigated to the url: https://www.myntra.com/
2022-Mar-08 08:23:50 AM [main] INFO  FlipkartHealtCheck.pageobj.CmnPageObjects - Page title matched: Online Shopping for Women, Men, Kids Fashion & Lifestyle - Myntra
2022-Mar-08 08:23:50 AM [main] INFO  FlipkartHealtCheck.pageobj.CmnPageObjects - Value entered in search box: Joggers
2022-Mar-08 08:24:33 AM [main] INFO  FlipkartHealtCheck.pageobj.CmnPageObjects - Clicked on Search Button
2022-Mar-08 08:24:33 AM [main] INFO  FlipkartHealtCheck.pageobj.SearchPageObjects - Search Page is displayed because refinement category is displayed
2022-Mar-08 08:24:33 AM [main] INFO  FlipkartHealtCheck.core.WebDriverFactory - Driver closed
2022-Mar-08 08:24:33 AM [main] INFO  FlipkartHealtCheck.stepdefs.stepdefs - browser closed
2022-Mar-08 08:24:36 AM [main] INFO  FlipkartHealtCheck.core.WebDriverFactory - Chrome Browser invoked
2022-Mar-08 08:24:36 AM [main] INFO  FlipkartHealtCheck.core.WebDriverFactory - Driver maximized and implicit time out set to 20 seconds
2022-Mar-08 08:24:36 AM [main] INFO  FlipkartHealtCheck.stepdefs.stepdefs - Browser invoked.
2022-Mar-08 08:25:18 AM [main] INFO  FlipkartHealtCheck.core.WebDriverFactory - Browser navigated to the url: https://www.myntra.com/
2022-Mar-08 08:25:18 AM [main] INFO  FlipkartHealtCheck.pageobj.CmnPageObjects - Page title matched: Online Shopping for Women, Men, Kids Fashion & Lifestyle - Myntra
2022-Mar-08 08:25:18 AM [main] INFO  FlipkartHealtCheck.pageobj.CmnPageObjects - Value entered in search box: Tshirt
2022-Mar-08 08:26:27 AM [main] INFO  FlipkartHealtCheck.pageobj.CmnPageObjects - Clicked on Search Button
2022-Mar-08 08:26:27 AM [main] INFO  FlipkartHealtCheck.pageobj.SearchPageObjects - Number of products searched: 50
2022-Mar-08 08:26:27 AM [main] INFO  FlipkartHealtCheck.pageobj.SearchPageObjects - Clicked on the Link in the List with index: 7. Link Text: HRX by Hrithik Roshan
Rapid Dry Training Tshirt
Rs. 439Rs. 1099(60% OFF)
2022-Mar-08 08:26:59 AM [main] INFO  FlipkartHealtCheck.pageobj.ProductDescriptionPageObjects - Product Title is displayed
2022-Mar-08 08:26:59 AM [main] INFO  FlipkartHealtCheck.pageobj.ProductDescriptionPageObjects - Add to Cart Button is displayed
2022-Mar-08 08:27:00 AM [main] INFO  FlipkartHealtCheck.core.WebDriverFactory - Driver closed
2022-Mar-08 08:27:00 AM [main] INFO  FlipkartHealtCheck.stepdefs.stepdefs - browser closed
2022-Mar-08 08:27:02 AM [main] INFO  FlipkartHealtCheck.core.WebDriverFactory - Chrome Browser invoked
2022-Mar-08 08:27:02 AM [main] INFO  FlipkartHealtCheck.core.WebDriverFactory - Driver maximized and implicit time out set to 20 seconds
2022-Mar-08 08:27:02 AM [main] INFO  FlipkartHealtCheck.stepdefs.stepdefs - Browser invoked.
2022-Mar-08 08:27:32 AM [main] INFO  FlipkartHealtCheck.core.WebDriverFactory - Browser navigated to the url: https://www.myntra.com/
2022-Mar-08 08:27:32 AM [main] INFO  FlipkartHealtCheck.pageobj.CmnPageObjects - Page title matched: Online Shopping for Women, Men, Kids Fashion & Lifestyle - Myntra
2022-Mar-08 08:28:04 AM [main] INFO  FlipkartHealtCheck.pageobj.BagWishListObject - user clicked on bag
2022-Mar-08 08:28:30 AM [main] INFO  FlipkartHealtCheck.pageobj.BagWishListObject - user clicked on wishlist
2022-Mar-08 08:28:32 AM [main] INFO  FlipkartHealtCheck.core.WebDriverFactory - Driver closed
2022-Mar-08 08:28:32 AM [main] INFO  FlipkartHealtCheck.stepdefs.stepdefs - browser closed
2022-Mar-08 08:28:34 AM [main] INFO  FlipkartHealtCheck.core.WebDriverFactory - Chrome Browser invoked
2022-Mar-08 08:28:34 AM [main] INFO  FlipkartHealtCheck.core.WebDriverFactory - Driver maximized and implicit time out set to 20 seconds
2022-Mar-08 08:28:34 AM [main] INFO  FlipkartHealtCheck.stepdefs.stepdefs - Browser invoked.
2022-Mar-08 08:29:13 AM [main] INFO  FlipkartHealtCheck.core.WebDriverFactory - Browser navigated to the url: https://www.myntra.com/
2022-Mar-08 08:29:13 AM [main] INFO  FlipkartHealtCheck.pageobj.CmnPageObjects - Page title matched: Online Shopping for Women, Men, Kids Fashion & Lifestyle - Myntra
2022-Mar-08 08:29:14 AM [main] INFO  FlipkartHealtCheck.core.WebDriverFactory - Driver closed
2022-Mar-08 08:29:14 AM [main] INFO  FlipkartHealtCheck.stepdefs.stepdefs - browser closed
